{"numTotalTestSuites":33,"numPassedTestSuites":33,"numFailedTestSuites":0,"numPendingTestSuites":0,"numTotalTests":83,"numPassedTests":83,"numFailedTests":0,"numPendingTests":0,"numTodoTests":0,"snapshot":{"added":0,"failure":false,"filesAdded":0,"filesRemoved":0,"filesRemovedList":[],"filesUnmatched":0,"filesUpdated":0,"matched":0,"total":0,"unchecked":0,"uncheckedKeysByFile":[],"unmatched":0,"updated":0,"didUpdate":false},"startTime":1782885363493,"success":true,"testResults":[{"assertionResults":[{"ancestorTitles":["Plan generation limits"],"fullName":"Plan generation limits Free: 5th generation allowed, 6th blocked","status":"passed","title":"Free: 5th generation allowed, 6th blocked","duration":2.860050000000001,"failureMessages":[],"meta":{},"tags":[]},{"ancestorTitles":["Plan generation limits"],"fullName":"Plan generation limits Basic: 30th generation allowed, 31st blocked","status":"passed","title":"Basic: 30th generation allowed, 31st blocked","duration":0.34000300000002426,"failureMessages":[],"meta":{},"tags":[]},{"ancestorTitles":["Plan generation limits"],"fullName":"Plan generation limits Pro: 100th generation allowed, 101st blocked","status":"passed","title":"Pro: 100th generation allowed, 101st blocked","duration":0.2730710000000727,"failureMessages":[],"meta":{},"tags":[]},{"ancestorTitles":["Plan generation limits"],"fullName":"Plan generation limits Agency: VIP cap at 500 gen/month","status":"passed","title":"Agency: VIP cap at 500 gen/month","duration":0.276634999999942,"failureMessages":[],"meta":{},"tags":[]},{"ancestorTitles":["Plan generation limits"],"fullName":"Plan generation limits Content Pack adds 20 extra_credits (stored separately from plan limit)","status":"passed","title":"Content Pack adds 20 extra_credits (stored separately from plan limit)","duration":0.33395599999994374,"failureMessages":[],"meta":{},"tags":[]},{"ancestorTitles":["Plan generation limits"],"fullName":"Plan generation limits yearly pricing is 10x monthly (10 months = 2 months free)","status":"passed","title":"yearly pricing is 10x monthly (10 months = 2 months free)","duration":0.43617300000005343,"failureMessages":[],"meta":{},"tags":[]},{"ancestorTitles":["Plan upgrade logic"],"fullName":"Plan upgrade logic upgrading applies new limit immediately","status":"passed","title":"upgrading applies new limit immediately","duration":0.6965849999999136,"failureMessages":[],"meta":{},"tags":[]}],"startTime":1782885364150,"endTime":1782885364155.6965,"status":"passed","message":"","name":"/home/slim/contentai/tests/billing/plan-limits.test.ts"},{"assertionResults":[{"ancestorTitles":["Stripe webhook idempotency"],"fullName":"Stripe webhook idempotency checkout.session.completed uses upsert (.update + .eq) — safe to replay","status":"passed","title":"checkout.session.completed uses upsert (.update + .eq) — safe to replay","duration":4.274412000000012,"failureMessages":[],"meta":{},"tags":[]},{"ancestorTitles":["Stripe webhook idempotency"],"fullName":"Stripe webhook idempotency subscription.deleted uses .update — safe to replay (already free)","status":"passed","title":"subscription.deleted uses .update — safe to replay (already free)","duration":0.6785880000000191,"failureMessages":[],"meta":{},"tags":[]},{"ancestorTitles":["Stripe webhook idempotency"],"fullName":"Stripe webhook idempotency content_pack credits must be idempotent","status":"passed","title":"content_pack credits must be idempotent","duration":0.49480599999998276,"failureMessages":[],"meta":{},"tags":[]},{"ancestorTitles":["Webhook signature validation"],"fullName":"Webhook signature validation rejects requests with missing signature","status":"passed","title":"rejects requests with missing signature","duration":0.32824200000001724,"failureMessages":[],"meta":{},"tags":[]},{"ancestorTitles":["Webhook signature validation"],"fullName":"Webhook signature validation rejects requests with tampered payload","status":"passed","title":"rejects requests with tampered payload","duration":1.583233000000007,"failureMessages":[],"meta":{},"tags":[]}],"startTime":1782885364382,"endTime":1782885364390.5833,"status":"passed","message":"","name":"/home/slim/contentai/tests/billing/webhook-idempotency.test.ts"},{"assertionResults":[{"ancestorTitles":["/api/marketing/queue — auth guard"],"fullName":"/api/marketing/queue — auth guard returns 401 when no auth header and CRON_SECRET is set","status":"passed","title":"returns 401 when no auth header and CRON_SECRET is set","duration":3.6014149999999745,"failureMessages":[],"meta":{},"tags":[]},{"ancestorTitles":["/api/marketing/queue — auth guard"],"fullName":"/api/marketing/queue — auth guard returns 200 when correct Bearer token provided","status":"passed","title":"returns 200 when correct Bearer token provided","duration":0.38515400000005684,"failureMessages":[],"meta":{},"tags":[]},{"ancestorTitles":["/api/marketing/queue — auth guard"],"fullName":"/api/marketing/queue — auth guard rejects lowercase bearer","status":"passed","title":"rejects lowercase bearer","duration":0.28304800000000796,"failureMessages":[],"meta":{},"tags":[]},{"ancestorTitles":["/api/generate — input validation"],"fullName":"/api/generate — input validation blocks empty topic","status":"passed","title":"blocks empty topic","duration":0.29765500000007705,"failureMessages":[],"meta":{},"tags":[]},{"ancestorTitles":["/api/generate — input validation"],"fullName":"/api/generate — input validation blocks missing required fields (type, topic, tone)","status":"passed","title":"blocks missing required fields (type, topic, tone)","duration":0.5352940000000217,"failureMessages":[],"meta":{},"tags":[]},{"ancestorTitles":["/api/generate — input validation"],"fullName":"/api/generate — input validation caps wordCount between 50 and 2000","status":"passed","title":"caps wordCount between 50 and 2000","duration":0.4763500000000249,"failureMessages":[],"meta":{},"tags":[]},{"ancestorTitles":["/api/generate — input validation"],"fullName":"/api/generate — input validation rate limits at 10 req/min per user","status":"passed","title":"rate limits at 10 req/min per user","duration":0.350791000000072,"failureMessages":[],"meta":{},"tags":[]},{"ancestorTitles":["/api/demo — rate limiting"],"fullName":"/api/demo — rate limiting allows up to 10 requests per hour per IP","status":"passed","title":"allows up to 10 requests per hour per IP","duration":0.8981999999999744,"failureMessages":[],"meta":{},"tags":[]},{"ancestorTitles":["/api/demo — rate limiting"],"fullName":"/api/demo — rate limiting validates topic is not empty","status":"passed","title":"validates topic is not empty","duration":0.5967620000000124,"failureMessages":[],"meta":{},"tags":[]},{"ancestorTitles":["/api/demo — rate limiting"],"fullName":"/api/demo — rate limiting accepts valid content types","status":"passed","title":"accepts valid content types","duration":0.4657839999999851,"failureMessages":[],"meta":{},"tags":[]},{"ancestorTitles":["/api/demo — rate limiting"],"fullName":"/api/demo — rate limiting accepts valid languages","status":"passed","title":"accepts valid languages","duration":0.35744099999999435,"failureMessages":[],"meta":{},"tags":[]},{"ancestorTitles":["/api/marketing/publish — logic"],"fullName":"/api/marketing/publish — logic only processes posts where scheduled_for <= now","status":"passed","title":"only processes posts where scheduled_for <= now","duration":2.4024630000000116,"failureMessages":[],"meta":{},"tags":[]},{"ancestorTitles":["/api/marketing/publish — logic"],"fullName":"/api/marketing/publish — logic marks post as failed when Buffer API call fails","status":"passed","title":"marks post as failed when Buffer API call fails","duration":0.3881850000000213,"failureMessages":[],"meta":{},"tags":[]},{"ancestorTitles":["/api/marketing/publish — logic"],"fullName":"/api/marketing/publish — logic cron fires twice: second run skips already-posted content","status":"passed","title":"cron fires twice: second run skips already-posted content","duration":0.5287829999999758,"failureMessages":[],"meta":{},"tags":[]},{"ancestorTitles":["Auth middleware — protected routes"],"fullName":"Auth middleware — protected routes all dashboard paths are protected","status":"passed","title":"all dashboard paths are protected","duration":0.6354410000000144,"failureMessages":[],"meta":{},"tags":[]},{"ancestorTitles":["Auth middleware — protected routes"],"fullName":"Auth middleware — protected routes public paths are not in protected list","status":"passed","title":"public paths are not in protected list","duration":0.9983640000000378,"failureMessages":[],"meta":{},"tags":[]}],"startTime":1782885364123,"endTime":1782885364137.9983,"status":"passed","message":"","name":"/home/slim/contentai/tests/integration/api-routes.test.ts"},{"assertionResults":[{"ancestorTitles":["Stripe checkout edge cases"],"fullName":"Stripe checkout edge cases stale customer ID recovery: recreates customer and retries","status":"passed","title":"stale customer ID recovery: recreates customer and retries","duration":15.723073,"failureMessages":[],"meta":{},"tags":[]},{"ancestorTitles":["Stripe checkout edge cases"],"fullName":"Stripe checkout edge cases free plan checkout is rejected (price === 0)","status":"passed","title":"free plan checkout is rejected (price === 0)","duration":1.7772269999999253,"failureMessages":[],"meta":{},"tags":[]},{"ancestorTitles":["Stripe checkout edge cases"],"fullName":"Stripe checkout edge cases missing Stripe price ID returns 500 config error","status":"passed","title":"missing Stripe price ID returns 500 config error","duration":0.7583439999999655,"failureMessages":[],"meta":{},"tags":[]},{"ancestorTitles":["Stripe checkout edge cases"],"fullName":"Stripe checkout edge cases rate limits checkout at 5 requests (per user)","status":"passed","title":"rate limits checkout at 5 requests (per user)","duration":0.8660180000000537,"failureMessages":[],"meta":{},"tags":[]},{"ancestorTitles":["Stripe checkout edge cases"],"fullName":"Stripe checkout edge cases checkout success_url points to /billing?success=true","status":"passed","title":"checkout success_url points to /billing?success=true","duration":0.3897789999999759,"failureMessages":[],"meta":{},"tags":[]},{"ancestorTitles":["Webhook plan mapping"],"fullName":"Webhook plan mapping PLAN_PRICE_MAP correctly maps price IDs to plan names","status":"passed","title":"PLAN_PRICE_MAP correctly maps price IDs to plan names","duration":0.48413300000004256,"failureMessages":[],"meta":{},"tags":[]},{"ancestorTitles":["Webhook plan mapping"],"fullName":"Webhook plan mapping subscription.updated with unknown price logs warning and skips update","status":"passed","title":"subscription.updated with unknown price logs warning and skips update","duration":1.927962999999977,"failureMessages":[],"meta":{},"tags":[]},{"ancestorTitles":["Account reuse / free tier bypass"],"fullName":"Account reuse / free tier bypass signing up again with same email does not reset generation count","status":"passed","title":"signing up again with same email does not reset generation count","duration":0.4399720000000116,"failureMessages":[],"meta":{},"tags":[]},{"ancestorTitles":["Account reuse / free tier bypass"],"fullName":"Account reuse / free tier bypass generation count is per user_id per calendar month","status":"passed","title":"generation count is per user_id per calendar month","duration":1.0246130000000448,"failureMessages":[],"meta":{},"tags":[]}],"startTime":1782885364125,"endTime":1782885364149.0247,"status":"passed","message":"","name":"/home/slim/contentai/tests/integration/stripe-edge-cases.test.ts"},{"assertionResults":[{"ancestorTitles":["Approval token security"],"fullName":"Approval token security UUIDs have 122 bits of entropy — brute force infeasible","status":"passed","title":"UUIDs have 122 bits of entropy — brute force infeasible","duration":4.5742440000000215,"failureMessages":[],"meta":{},"tags":[]},{"ancestorTitles":["Approval token security"],"fullName":"Approval token security two generated tokens are always different","status":"passed","title":"two generated tokens are always different","duration":3.183165000000031,"failureMessages":[],"meta":{},"tags":[]},{"ancestorTitles":["Approval token security"],"fullName":"Approval token security token validation rejects empty/null values","status":"passed","title":"token validation rejects empty/null values","duration":0.9528849999999238,"failureMessages":[],"meta":{},"tags":[]},{"ancestorTitles":["CRON_SECRET auth pattern"],"fullName":"CRON_SECRET auth pattern auth header must exactly match Bearer <secret>","status":"passed","title":"auth header must exactly match Bearer <secret>","duration":0.8290419999999585,"failureMessages":[],"meta":{},"tags":[]},{"ancestorTitles":["Seed endpoint key validation"],"fullName":"Seed endpoint key validation accepts the correct key","status":"passed","title":"accepts the correct key","duration":0.2335130000000163,"failureMessages":[],"meta":{},"tags":[]},{"ancestorTitles":["Seed endpoint key validation"],"fullName":"Seed endpoint key validation rejects empty or wrong key","status":"passed","title":"rejects empty or wrong key","duration":0.287384999999972,"failureMessages":[],"meta":{},"tags":[]}],"startTime":1782885364141,"endTime":1782885364151.2874,"status":"passed","message":"","name":"/home/slim/contentai/tests/security/approval-token.test.ts"},{"assertionResults":[{"ancestorTitles":["XSS prevention"],"fullName":"XSS prevention strips XSS: <script>alert(1)</script>","status":"passed","title":"strips XSS: <script>alert(1)</script>","duration":3.7218800000000556,"failureMessages":[],"meta":{},"tags":[]},{"ancestorTitles":["XSS prevention"],"fullName":"XSS prevention strips XSS: \"><script>alert(1)</script>","status":"passed","title":"strips XSS: \"><script>alert(1)</script>","duration":0.8658980000000156,"failureMessages":[],"meta":{},"tags":[]},{"ancestorTitles":["XSS prevention"],"fullName":"XSS prevention strips XSS: <img src=x onerror=alert(1)>","status":"passed","title":"strips XSS: <img src=x onerror=alert(1)>","duration":0.6446160000000418,"failureMessages":[],"meta":{},"tags":[]},{"ancestorTitles":["XSS prevention"],"fullName":"XSS prevention strips XSS: <svg onload=alert(1)>","status":"passed","title":"strips XSS: <svg onload=alert(1)>","duration":0.5416119999999864,"failureMessages":[],"meta":{},"tags":[]},{"ancestorTitles":["XSS prevention"],"fullName":"XSS prevention strips XSS: javascript:alert(1)","status":"passed","title":"strips XSS: javascript:alert(1)","duration":0.7475590000000238,"failureMessages":[],"meta":{},"tags":[]},{"ancestorTitles":["XSS prevention"],"fullName":"XSS prevention strips XSS: <iframe src=\"javascript:alert(","status":"passed","title":"strips XSS: <iframe src=\"javascript:alert(","duration":0.3870570000000271,"failureMessages":[],"meta":{},"tags":[]},{"ancestorTitles":["SQL injection prevention"],"fullName":"SQL injection prevention sanitize does not strip SQL keywords (Supabase handles parameterization)","status":"passed","title":"sanitize does not strip SQL keywords (Supabase handles parameterization)","duration":1.2589659999999867,"failureMessages":[],"meta":{},"tags":[]},{"ancestorTitles":["Prompt injection mitigation"],"fullName":"Prompt injection mitigation topic field is capped at 1000 chars","status":"passed","title":"topic field is capped at 1000 chars","duration":0.5639740000000302,"failureMessages":[],"meta":{},"tags":[]},{"ancestorTitles":["Prompt injection mitigation"],"fullName":"Prompt injection mitigation sanitize removes null bytes and script tags (text content kept — safe in JSX)","status":"passed","title":"sanitize removes null bytes and script tags (text content kept — safe in JSX)","duration":0.7003969999999526,"failureMessages":[],"meta":{},"tags":[]},{"ancestorTitles":["Request body size guard"],"fullName":"Request body size guard topic is capped at 1000 chars in generate route logic","status":"passed","title":"topic is capped at 1000 chars in generate route logic","duration":0.4653399999999692,"failureMessages":[],"meta":{},"tags":[]},{"ancestorTitles":["Request body size guard"],"fullName":"Request body size guard keywords are capped at 500 chars","status":"passed","title":"keywords are capped at 500 chars","duration":0.26012600000001385,"failureMessages":[],"meta":{},"tags":[]}],"startTime":1782885364152,"endTime":1782885364163.4653,"status":"passed","message":"","name":"/home/slim/contentai/tests/security/input-validation.test.ts"},{"assertionResults":[{"ancestorTitles":["formatPrice()"],"fullName":"formatPrice() formats CAD correctly","status":"passed","title":"formats CAD correctly","duration":2.045665000000014,"failureMessages":[],"meta":{},"tags":[]},{"ancestorTitles":["formatPrice()"],"fullName":"formatPrice() formats USD correctly (converts from CAD, so amount differs)","status":"passed","title":"formats USD correctly (converts from CAD, so amount differs)","duration":0.3359710000000007,"failureMessages":[],"meta":{},"tags":[]},{"ancestorTitles":["formatPrice()"],"fullName":"formatPrice() CURRENCIES contains CAD as first entry","status":"passed","title":"CURRENCIES contains CAD as first entry","duration":0.3670879999999954,"failureMessages":[],"meta":{},"tags":[]},{"ancestorTitles":["formatPrice()"],"fullName":"formatPrice() all currencies have code, flag, name fields","status":"passed","title":"all currencies have code, flag, name fields","duration":0.900810000000007,"failureMessages":[],"meta":{},"tags":[]}],"startTime":1782885364404,"endTime":1782885364407.901,"status":"passed","message":"","name":"/home/slim/contentai/tests/unit/currency.test.ts"},{"assertionResults":[{"ancestorTitles":["PLANS"],"fullName":"PLANS exports all 4 plans","status":"passed","title":"exports all 4 plans","duration":4.360908999999992,"failureMessages":[],"meta":{},"tags":[]},{"ancestorTitles":["PLANS"],"fullName":"PLANS free plan has 5 generations/month","status":"passed","title":"free plan has 5 generations/month","duration":0.7297700000000304,"failureMessages":[],"meta":{},"tags":[]},{"ancestorTitles":["PLANS"],"fullName":"PLANS basic plan has 30 generations/month","status":"passed","title":"basic plan has 30 generations/month","duration":0.3641810000000305,"failureMessages":[],"meta":{},"tags":[]},{"ancestorTitles":["PLANS"],"fullName":"PLANS pro plan has 100 generations/month","status":"passed","title":"pro plan has 100 generations/month","duration":0.4309979999999314,"failureMessages":[],"meta":{},"tags":[]},{"ancestorTitles":["PLANS"],"fullName":"PLANS agency plan has 500 generations/month (VIP cap)","status":"passed","title":"agency plan has 500 generations/month (VIP cap)","duration":0.3442569999999705,"failureMessages":[],"meta":{},"tags":[]},{"ancestorTitles":["PLANS"],"fullName":"PLANS agency is blocked at 500 generations","status":"passed","title":"agency is blocked at 500 generations","duration":0.35684299999991254,"failureMessages":[],"meta":{},"tags":[]},{"ancestorTitles":["PLANS"],"fullName":"PLANS prices are correct (CAD)","status":"passed","title":"prices are correct (CAD)","duration":0.9992389999999887,"failureMessages":[],"meta":{},"tags":[]},{"ancestorTitles":["PLANS"],"fullName":"PLANS no plan features reference \"3 languages\"","status":"passed","title":"no plan features reference \"3 languages\"","duration":2.094567999999981,"failureMessages":[],"meta":{},"tags":[]},{"ancestorTitles":["PLANS"],"fullName":"PLANS add-on content_pack has correct price","status":"passed","title":"add-on content_pack has correct price","duration":1.2935909999999922,"failureMessages":[],"meta":{},"tags":[]},{"ancestorTitles":["PLANS"],"fullName":"PLANS add-on brand_voice_setup has correct price","status":"passed","title":"add-on brand_voice_setup has correct price","duration":0.4854719999999588,"failureMessages":[],"meta":{},"tags":[]},{"ancestorTitles":["PLANS"],"fullName":"PLANS generation limits enforce correctly at boundary","status":"passed","title":"generation limits enforce correctly at boundary","duration":1.1202440000000706,"failureMessages":[],"meta":{},"tags":[]}],"startTime":1782885364149,"endTime":1782885364162.1204,"status":"passed","message":"","name":"/home/slim/contentai/tests/unit/plans.test.ts"},{"assertionResults":[{"ancestorTitles":["checkRateLimit()"],"fullName":"checkRateLimit() allows requests under the limit","status":"passed","title":"allows requests under the limit","duration":67.260489,"failureMessages":[],"meta":{},"tags":[]},{"ancestorTitles":["checkRateLimit()"],"fullName":"checkRateLimit() blocks on the request that exceeds the limit","status":"passed","title":"blocks on the request that exceeds the limit","duration":1.0842509999999947,"failureMessages":[],"meta":{},"tags":[]},{"ancestorTitles":["checkRateLimit()"],"fullName":"checkRateLimit() different keys are independent","status":"passed","title":"different keys are independent","duration":0.9969830000000002,"failureMessages":[],"meta":{},"tags":[]},{"ancestorTitles":["checkRateLimit()"],"fullName":"checkRateLimit() rateLimitKey builds key from userId and route","status":"passed","title":"rateLimitKey builds key from userId and route","duration":0.8906440000000657,"failureMessages":[],"meta":{},"tags":[]},{"ancestorTitles":["checkRateLimit()"],"fullName":"checkRateLimit() uses a 1-hour window for demo endpoint (3_600_000ms)","status":"passed","title":"uses a 1-hour window for demo endpoint (3_600_000ms)","duration":1.0171399999999267,"failureMessages":[],"meta":{},"tags":[]}],"startTime":1782885364134,"endTime":1782885364206.017,"status":"passed","message":"","name":"/home/slim/contentai/tests/unit/rateLimit.test.ts"},{"assertionResults":[{"ancestorTitles":["sanitize()"],"fullName":"sanitize() removes HTML tags but keeps text content (React renders safely)","status":"passed","title":"removes HTML tags but keeps text content (React renders safely)","duration":3.0259459999999763,"failureMessages":[],"meta":{},"tags":[]},{"ancestorTitles":["sanitize()"],"fullName":"sanitize() removes null bytes","status":"passed","title":"removes null bytes","duration":0.5510020000000111,"failureMessages":[],"meta":{},"tags":[]},{"ancestorTitles":["sanitize()"],"fullName":"sanitize() removes control characters","status":"passed","title":"removes control characters","duration":0.3774269999999831,"failureMessages":[],"meta":{},"tags":[]},{"ancestorTitles":["sanitize()"],"fullName":"sanitize() allows newlines (0x0A) and tabs (0x09)","status":"passed","title":"allows newlines (0x0A) and tabs (0x09)","duration":0.3435479999999984,"failureMessages":[],"meta":{},"tags":[]},{"ancestorTitles":["sanitize()"],"fullName":"sanitize() trims whitespace","status":"passed","title":"trims whitespace","duration":0.5313080000000241,"failureMessages":[],"meta":{},"tags":[]},{"ancestorTitles":["sanitize()"],"fullName":"sanitize() respects maxLength","status":"passed","title":"respects maxLength","duration":1.3130250000000103,"failureMessages":[],"meta":{},"tags":[]},{"ancestorTitles":["sanitize()"],"fullName":"sanitize() returns empty string for non-string input","status":"passed","title":"returns empty string for non-string input","duration":0.8114679999999908,"failureMessages":[],"meta":{},"tags":[]},{"ancestorTitles":["sanitize()"],"fullName":"sanitize() handles prompt injection attempt","status":"passed","title":"handles prompt injection attempt","duration":0.38831000000001836,"failureMessages":[],"meta":{},"tags":[]},{"ancestorTitles":["sanitize()"],"fullName":"sanitize() sanitizeShort caps at 500","status":"passed","title":"sanitizeShort caps at 500","duration":0.5879569999999887,"failureMessages":[],"meta":{},"tags":[]}],"startTime":1782885364372,"endTime":1782885364380.588,"status":"passed","message":"","name":"/home/slim/contentai/tests/unit/sanitize.test.ts"}]}