{"numTotalTestSuites":33,"numPassedTestSuites":33,"numFailedTestSuites":0,"numPendingTestSuites":0,"numTotalTests":83,"numPassedTests":83,"numFailedTests":0,"numPendingTests":0,"numTodoTests":0,"snapshot":{"added":0,"failure":false,"filesAdded":0,"filesRemoved":0,"filesRemovedList":[],"filesUnmatched":0,"filesUpdated":0,"matched":0,"total":0,"unchecked":0,"uncheckedKeysByFile":[],"unmatched":0,"updated":0,"didUpdate":false},"startTime":1782880534360,"success":true,"testResults":[{"assertionResults":[{"ancestorTitles":["Plan generation limits"],"fullName":"Plan generation limits Free: 5th generation allowed, 6th blocked","status":"passed","title":"Free: 5th generation allowed, 6th blocked","duration":2.2348530000000153,"failureMessages":[],"meta":{},"tags":[]},{"ancestorTitles":["Plan generation limits"],"fullName":"Plan generation limits Basic: 30th generation allowed, 31st blocked","status":"passed","title":"Basic: 30th generation allowed, 31st blocked","duration":0.2661390000000097,"failureMessages":[],"meta":{},"tags":[]},{"ancestorTitles":["Plan generation limits"],"fullName":"Plan generation limits Pro: 100th generation allowed, 101st blocked","status":"passed","title":"Pro: 100th generation allowed, 101st blocked","duration":0.24324699999999666,"failureMessages":[],"meta":{},"tags":[]},{"ancestorTitles":["Plan generation limits"],"fullName":"Plan generation limits Agency: never blocked (unlimited)","status":"passed","title":"Agency: never blocked (unlimited)","duration":0.31161700000001247,"failureMessages":[],"meta":{},"tags":[]},{"ancestorTitles":["Plan generation limits"],"fullName":"Plan generation limits Content Pack adds 20 extra_credits (stored separately from plan limit)","status":"passed","title":"Content Pack adds 20 extra_credits (stored separately from plan limit)","duration":0.295361000000014,"failureMessages":[],"meta":{},"tags":[]},{"ancestorTitles":["Plan generation limits"],"fullName":"Plan generation limits yearly pricing is 10x monthly (10 months = 2 months free)","status":"passed","title":"yearly pricing is 10x monthly (10 months = 2 months free)","duration":0.3855670000000089,"failureMessages":[],"meta":{},"tags":[]},{"ancestorTitles":["Plan upgrade logic"],"fullName":"Plan upgrade logic upgrading applies new limit immediately","status":"passed","title":"upgrading applies new limit immediately","duration":0.314992999999987,"failureMessages":[],"meta":{},"tags":[]}],"startTime":1782880535148,"endTime":1782880535152.315,"status":"passed","message":"","name":"/home/slim/contentai/tests/billing/plan-limits.test.ts"},{"assertionResults":[{"ancestorTitles":["Stripe webhook idempotency"],"fullName":"Stripe webhook idempotency checkout.session.completed uses upsert (.update + .eq) — safe to replay","status":"passed","title":"checkout.session.completed uses upsert (.update + .eq) — safe to replay","duration":5.528006000000005,"failureMessages":[],"meta":{},"tags":[]},{"ancestorTitles":["Stripe webhook idempotency"],"fullName":"Stripe webhook idempotency subscription.deleted uses .update — safe to replay (already free)","status":"passed","title":"subscription.deleted uses .update — safe to replay (already free)","duration":0.8309430000000475,"failureMessages":[],"meta":{},"tags":[]},{"ancestorTitles":["Stripe webhook idempotency"],"fullName":"Stripe webhook idempotency content_pack credits must be idempotent","status":"passed","title":"content_pack credits must be idempotent","duration":0.5166960000000245,"failureMessages":[],"meta":{},"tags":[]},{"ancestorTitles":["Webhook signature validation"],"fullName":"Webhook signature validation rejects requests with missing signature","status":"passed","title":"rejects requests with missing signature","duration":0.3434010000000285,"failureMessages":[],"meta":{},"tags":[]},{"ancestorTitles":["Webhook signature validation"],"fullName":"Webhook signature validation rejects requests with tampered payload","status":"passed","title":"rejects requests with tampered payload","duration":1.5304060000000277,"failureMessages":[],"meta":{},"tags":[]}],"startTime":1782880534918,"endTime":1782880534927.5305,"status":"passed","message":"","name":"/home/slim/contentai/tests/billing/webhook-idempotency.test.ts"},{"assertionResults":[{"ancestorTitles":["/api/marketing/queue — auth guard"],"fullName":"/api/marketing/queue — auth guard returns 401 when no auth header and CRON_SECRET is set","status":"passed","title":"returns 401 when no auth header and CRON_SECRET is set","duration":3.7717949999999973,"failureMessages":[],"meta":{},"tags":[]},{"ancestorTitles":["/api/marketing/queue — auth guard"],"fullName":"/api/marketing/queue — auth guard returns 200 when correct Bearer token provided","status":"passed","title":"returns 200 when correct Bearer token provided","duration":0.38733400000000984,"failureMessages":[],"meta":{},"tags":[]},{"ancestorTitles":["/api/marketing/queue — auth guard"],"fullName":"/api/marketing/queue — auth guard rejects lowercase bearer","status":"passed","title":"rejects lowercase bearer","duration":0.3252070000000913,"failureMessages":[],"meta":{},"tags":[]},{"ancestorTitles":["/api/generate — input validation"],"fullName":"/api/generate — input validation blocks empty topic","status":"passed","title":"blocks empty topic","duration":0.3184889999999996,"failureMessages":[],"meta":{},"tags":[]},{"ancestorTitles":["/api/generate — input validation"],"fullName":"/api/generate — input validation blocks missing required fields (type, topic, tone)","status":"passed","title":"blocks missing required fields (type, topic, tone)","duration":0.6171799999999621,"failureMessages":[],"meta":{},"tags":[]},{"ancestorTitles":["/api/generate — input validation"],"fullName":"/api/generate — input validation caps wordCount between 50 and 2000","status":"passed","title":"caps wordCount between 50 and 2000","duration":0.5397970000000214,"failureMessages":[],"meta":{},"tags":[]},{"ancestorTitles":["/api/generate — input validation"],"fullName":"/api/generate — input validation rate limits at 10 req/min per user","status":"passed","title":"rate limits at 10 req/min per user","duration":0.33459800000002815,"failureMessages":[],"meta":{},"tags":[]},{"ancestorTitles":["/api/demo — rate limiting"],"fullName":"/api/demo — rate limiting allows up to 10 requests per hour per IP","status":"passed","title":"allows up to 10 requests per hour per IP","duration":1.039350000000013,"failureMessages":[],"meta":{},"tags":[]},{"ancestorTitles":["/api/demo — rate limiting"],"fullName":"/api/demo — rate limiting validates topic is not empty","status":"passed","title":"validates topic is not empty","duration":0.5246789999999919,"failureMessages":[],"meta":{},"tags":[]},{"ancestorTitles":["/api/demo — rate limiting"],"fullName":"/api/demo — rate limiting accepts valid content types","status":"passed","title":"accepts valid content types","duration":0.40253900000004705,"failureMessages":[],"meta":{},"tags":[]},{"ancestorTitles":["/api/demo — rate limiting"],"fullName":"/api/demo — rate limiting accepts valid languages","status":"passed","title":"accepts valid languages","duration":0.4717550000000301,"failureMessages":[],"meta":{},"tags":[]},{"ancestorTitles":["/api/marketing/publish — logic"],"fullName":"/api/marketing/publish — logic only processes posts where scheduled_for <= now","status":"passed","title":"only processes posts where scheduled_for <= now","duration":2.4482020000000375,"failureMessages":[],"meta":{},"tags":[]},{"ancestorTitles":["/api/marketing/publish — logic"],"fullName":"/api/marketing/publish — logic marks post as failed when Buffer API call fails","status":"passed","title":"marks post as failed when Buffer API call fails","duration":0.34612400000003163,"failureMessages":[],"meta":{},"tags":[]},{"ancestorTitles":["/api/marketing/publish — logic"],"fullName":"/api/marketing/publish — logic cron fires twice: second run skips already-posted content","status":"passed","title":"cron fires twice: second run skips already-posted content","duration":0.4209210000000212,"failureMessages":[],"meta":{},"tags":[]},{"ancestorTitles":["Auth middleware — protected routes"],"fullName":"Auth middleware — protected routes all dashboard paths are protected","status":"passed","title":"all dashboard paths are protected","duration":0.562375999999972,"failureMessages":[],"meta":{},"tags":[]},{"ancestorTitles":["Auth middleware — protected routes"],"fullName":"Auth middleware — protected routes public paths are not in protected list","status":"passed","title":"public paths are not in protected list","duration":0.38235099999997146,"failureMessages":[],"meta":{},"tags":[]}],"startTime":1782880534922,"endTime":1782880534936.3823,"status":"passed","message":"","name":"/home/slim/contentai/tests/integration/api-routes.test.ts"},{"assertionResults":[{"ancestorTitles":["Stripe checkout edge cases"],"fullName":"Stripe checkout edge cases stale customer ID recovery: recreates customer and retries","status":"passed","title":"stale customer ID recovery: recreates customer and retries","duration":14.73975500000006,"failureMessages":[],"meta":{},"tags":[]},{"ancestorTitles":["Stripe checkout edge cases"],"fullName":"Stripe checkout edge cases free plan checkout is rejected (price === 0)","status":"passed","title":"free plan checkout is rejected (price === 0)","duration":1.0548390000000154,"failureMessages":[],"meta":{},"tags":[]},{"ancestorTitles":["Stripe checkout edge cases"],"fullName":"Stripe checkout edge cases missing Stripe price ID returns 500 config error","status":"passed","title":"missing Stripe price ID returns 500 config error","duration":0.4961549999999306,"failureMessages":[],"meta":{},"tags":[]},{"ancestorTitles":["Stripe checkout edge cases"],"fullName":"Stripe checkout edge cases rate limits checkout at 5 requests (per user)","status":"passed","title":"rate limits checkout at 5 requests (per user)","duration":0.48945400000002337,"failureMessages":[],"meta":{},"tags":[]},{"ancestorTitles":["Stripe checkout edge cases"],"fullName":"Stripe checkout edge cases checkout success_url points to /billing?success=true","status":"passed","title":"checkout success_url points to /billing?success=true","duration":0.2942199999999957,"failureMessages":[],"meta":{},"tags":[]},{"ancestorTitles":["Webhook plan mapping"],"fullName":"Webhook plan mapping PLAN_PRICE_MAP correctly maps price IDs to plan names","status":"passed","title":"PLAN_PRICE_MAP correctly maps price IDs to plan names","duration":0.38146899999992456,"failureMessages":[],"meta":{},"tags":[]},{"ancestorTitles":["Webhook plan mapping"],"fullName":"Webhook plan mapping subscription.updated with unknown price logs warning and skips update","status":"passed","title":"subscription.updated with unknown price logs warning and skips update","duration":1.7839969999999994,"failureMessages":[],"meta":{},"tags":[]},{"ancestorTitles":["Account reuse / free tier bypass"],"fullName":"Account reuse / free tier bypass signing up again with same email does not reset generation count","status":"passed","title":"signing up again with same email does not reset generation count","duration":0.3093420000000151,"failureMessages":[],"meta":{},"tags":[]},{"ancestorTitles":["Account reuse / free tier bypass"],"fullName":"Account reuse / free tier bypass generation count is per user_id per calendar month","status":"passed","title":"generation count is per user_id per calendar month","duration":0.9210269999999809,"failureMessages":[],"meta":{},"tags":[]}],"startTime":1782880534917,"endTime":1782880534938.9211,"status":"passed","message":"","name":"/home/slim/contentai/tests/integration/stripe-edge-cases.test.ts"},{"assertionResults":[{"ancestorTitles":["Approval token security"],"fullName":"Approval token security UUIDs have 122 bits of entropy — brute force infeasible","status":"passed","title":"UUIDs have 122 bits of entropy — brute force infeasible","duration":4.256900000000002,"failureMessages":[],"meta":{},"tags":[]},{"ancestorTitles":["Approval token security"],"fullName":"Approval token security two generated tokens are always different","status":"passed","title":"two generated tokens are always different","duration":2.6162929999999847,"failureMessages":[],"meta":{},"tags":[]},{"ancestorTitles":["Approval token security"],"fullName":"Approval token security token validation rejects empty/null values","status":"passed","title":"token validation rejects empty/null values","duration":0.5491590000000031,"failureMessages":[],"meta":{},"tags":[]},{"ancestorTitles":["CRON_SECRET auth pattern"],"fullName":"CRON_SECRET auth pattern auth header must exactly match Bearer <secret>","status":"passed","title":"auth header must exactly match Bearer <secret>","duration":0.4223479999999995,"failureMessages":[],"meta":{},"tags":[]},{"ancestorTitles":["Seed endpoint key validation"],"fullName":"Seed endpoint key validation accepts the correct key","status":"passed","title":"accepts the correct key","duration":0.28672800000001075,"failureMessages":[],"meta":{},"tags":[]},{"ancestorTitles":["Seed endpoint key validation"],"fullName":"Seed endpoint key validation rejects empty or wrong key","status":"passed","title":"rejects empty or wrong key","duration":0.27303600000001893,"failureMessages":[],"meta":{},"tags":[]}],"startTime":1782880535126,"endTime":1782880535135.2866,"status":"passed","message":"","name":"/home/slim/contentai/tests/security/approval-token.test.ts"},{"assertionResults":[{"ancestorTitles":["XSS prevention"],"fullName":"XSS prevention strips XSS: <script>alert(1)</script>","status":"passed","title":"strips XSS: <script>alert(1)</script>","duration":3.7804120000000694,"failureMessages":[],"meta":{},"tags":[]},{"ancestorTitles":["XSS prevention"],"fullName":"XSS prevention strips XSS: \"><script>alert(1)</script>","status":"passed","title":"strips XSS: \"><script>alert(1)</script>","duration":0.7850190000000339,"failureMessages":[],"meta":{},"tags":[]},{"ancestorTitles":["XSS prevention"],"fullName":"XSS prevention strips XSS: <img src=x onerror=alert(1)>","status":"passed","title":"strips XSS: <img src=x onerror=alert(1)>","duration":0.33478900000000067,"failureMessages":[],"meta":{},"tags":[]},{"ancestorTitles":["XSS prevention"],"fullName":"XSS prevention strips XSS: <svg onload=alert(1)>","status":"passed","title":"strips XSS: <svg onload=alert(1)>","duration":0.4622540000000299,"failureMessages":[],"meta":{},"tags":[]},{"ancestorTitles":["XSS prevention"],"fullName":"XSS prevention strips XSS: javascript:alert(1)","status":"passed","title":"strips XSS: javascript:alert(1)","duration":0.4678209999999581,"failureMessages":[],"meta":{},"tags":[]},{"ancestorTitles":["XSS prevention"],"fullName":"XSS prevention strips XSS: <iframe src=\"javascript:alert(","status":"passed","title":"strips XSS: <iframe src=\"javascript:alert(","duration":0.29747599999996055,"failureMessages":[],"meta":{},"tags":[]},{"ancestorTitles":["SQL injection prevention"],"fullName":"SQL injection prevention sanitize does not strip SQL keywords (Supabase handles parameterization)","status":"passed","title":"sanitize does not strip SQL keywords (Supabase handles parameterization)","duration":0.8778630000000476,"failureMessages":[],"meta":{},"tags":[]},{"ancestorTitles":["Prompt injection mitigation"],"fullName":"Prompt injection mitigation topic field is capped at 1000 chars","status":"passed","title":"topic field is capped at 1000 chars","duration":0.44943100000000413,"failureMessages":[],"meta":{},"tags":[]},{"ancestorTitles":["Prompt injection mitigation"],"fullName":"Prompt injection mitigation sanitize removes null bytes and script tags (text content kept — safe in JSX)","status":"passed","title":"sanitize removes null bytes and script tags (text content kept — safe in JSX)","duration":0.3405079999999998,"failureMessages":[],"meta":{},"tags":[]},{"ancestorTitles":["Request body size guard"],"fullName":"Request body size guard topic is capped at 1000 chars in generate route logic","status":"passed","title":"topic is capped at 1000 chars in generate route logic","duration":0.30070599999999104,"failureMessages":[],"meta":{},"tags":[]},{"ancestorTitles":["Request body size guard"],"fullName":"Request body size guard keywords are capped at 500 chars","status":"passed","title":"keywords are capped at 500 chars","duration":0.2372770000000628,"failureMessages":[],"meta":{},"tags":[]}],"startTime":1782880534933,"endTime":1782880534942.3008,"status":"passed","message":"","name":"/home/slim/contentai/tests/security/input-validation.test.ts"},{"assertionResults":[{"ancestorTitles":["formatPrice()"],"fullName":"formatPrice() formats CAD correctly","status":"passed","title":"formats CAD correctly","duration":2.066978000000006,"failureMessages":[],"meta":{},"tags":[]},{"ancestorTitles":["formatPrice()"],"fullName":"formatPrice() formats USD correctly (converts from CAD, so amount differs)","status":"passed","title":"formats USD correctly (converts from CAD, so amount differs)","duration":0.3431929999999852,"failureMessages":[],"meta":{},"tags":[]},{"ancestorTitles":["formatPrice()"],"fullName":"formatPrice() CURRENCIES contains CAD as first entry","status":"passed","title":"CURRENCIES contains CAD as first entry","duration":0.33997099999999136,"failureMessages":[],"meta":{},"tags":[]},{"ancestorTitles":["formatPrice()"],"fullName":"formatPrice() all currencies have code, flag, name fields","status":"passed","title":"all currencies have code, flag, name fields","duration":1.1514830000000131,"failureMessages":[],"meta":{},"tags":[]}],"startTime":1782880535148,"endTime":1782880535152.1514,"status":"passed","message":"","name":"/home/slim/contentai/tests/unit/currency.test.ts"},{"assertionResults":[{"ancestorTitles":["PLANS"],"fullName":"PLANS exports all 4 plans","status":"passed","title":"exports all 4 plans","duration":3.5692300000000614,"failureMessages":[],"meta":{},"tags":[]},{"ancestorTitles":["PLANS"],"fullName":"PLANS free plan has 5 generations/month","status":"passed","title":"free plan has 5 generations/month","duration":0.5991020000000162,"failureMessages":[],"meta":{},"tags":[]},{"ancestorTitles":["PLANS"],"fullName":"PLANS basic plan has 30 generations/month","status":"passed","title":"basic plan has 30 generations/month","duration":0.30516899999997804,"failureMessages":[],"meta":{},"tags":[]},{"ancestorTitles":["PLANS"],"fullName":"PLANS pro plan has 100 generations/month","status":"passed","title":"pro plan has 100 generations/month","duration":0.30426299999999173,"failureMessages":[],"meta":{},"tags":[]},{"ancestorTitles":["PLANS"],"fullName":"PLANS agency plan has Infinity generations (truly unlimited)","status":"passed","title":"agency plan has Infinity generations (truly unlimited)","duration":0.6704899999999725,"failureMessages":[],"meta":{},"tags":[]},{"ancestorTitles":["PLANS"],"fullName":"PLANS agency is never blocked (count >= Infinity === false)","status":"passed","title":"agency is never blocked (count >= Infinity === false)","duration":0.28121599999997215,"failureMessages":[],"meta":{},"tags":[]},{"ancestorTitles":["PLANS"],"fullName":"PLANS prices are correct (CAD)","status":"passed","title":"prices are correct (CAD)","duration":0.38387599999998656,"failureMessages":[],"meta":{},"tags":[]},{"ancestorTitles":["PLANS"],"fullName":"PLANS no plan features reference \"3 languages\"","status":"passed","title":"no plan features reference \"3 languages\"","duration":1.1884770000000344,"failureMessages":[],"meta":{},"tags":[]},{"ancestorTitles":["PLANS"],"fullName":"PLANS add-on content_pack has correct price","status":"passed","title":"add-on content_pack has correct price","duration":0.2742119999999204,"failureMessages":[],"meta":{},"tags":[]},{"ancestorTitles":["PLANS"],"fullName":"PLANS add-on brand_voice_setup has correct price","status":"passed","title":"add-on brand_voice_setup has correct price","duration":1.3819120000000567,"failureMessages":[],"meta":{},"tags":[]},{"ancestorTitles":["PLANS"],"fullName":"PLANS generation limits enforce correctly at boundary","status":"passed","title":"generation limits enforce correctly at boundary","duration":0.49117999999998574,"failureMessages":[],"meta":{},"tags":[]}],"startTime":1782880534933,"endTime":1782880534942.4912,"status":"passed","message":"","name":"/home/slim/contentai/tests/unit/plans.test.ts"},{"assertionResults":[{"ancestorTitles":["checkRateLimit()"],"fullName":"checkRateLimit() allows requests under the limit","status":"passed","title":"allows requests under the limit","duration":32.909008000000085,"failureMessages":[],"meta":{},"tags":[]},{"ancestorTitles":["checkRateLimit()"],"fullName":"checkRateLimit() blocks on the request that exceeds the limit","status":"passed","title":"blocks on the request that exceeds the limit","duration":1.1229639999999108,"failureMessages":[],"meta":{},"tags":[]},{"ancestorTitles":["checkRateLimit()"],"fullName":"checkRateLimit() different keys are independent","status":"passed","title":"different keys are independent","duration":0.7582979999999679,"failureMessages":[],"meta":{},"tags":[]},{"ancestorTitles":["checkRateLimit()"],"fullName":"checkRateLimit() rateLimitKey builds key from userId and route","status":"passed","title":"rateLimitKey builds key from userId and route","duration":0.7474489999999605,"failureMessages":[],"meta":{},"tags":[]},{"ancestorTitles":["checkRateLimit()"],"fullName":"checkRateLimit() uses a 1-hour window for demo endpoint (3_600_000ms)","status":"passed","title":"uses a 1-hour window for demo endpoint (3_600_000ms)","duration":0.8592929999999797,"failureMessages":[],"meta":{},"tags":[]}],"startTime":1782880534920,"endTime":1782880534955.8594,"status":"passed","message":"","name":"/home/slim/contentai/tests/unit/rateLimit.test.ts"},{"assertionResults":[{"ancestorTitles":["sanitize()"],"fullName":"sanitize() removes HTML tags but keeps text content (React renders safely)","status":"passed","title":"removes HTML tags but keeps text content (React renders safely)","duration":4.177962999999977,"failureMessages":[],"meta":{},"tags":[]},{"ancestorTitles":["sanitize()"],"fullName":"sanitize() removes null bytes","status":"passed","title":"removes null bytes","duration":0.5881900000000542,"failureMessages":[],"meta":{},"tags":[]},{"ancestorTitles":["sanitize()"],"fullName":"sanitize() removes control characters","status":"passed","title":"removes control characters","duration":0.38995299999999133,"failureMessages":[],"meta":{},"tags":[]},{"ancestorTitles":["sanitize()"],"fullName":"sanitize() allows newlines (0x0A) and tabs (0x09)","status":"passed","title":"allows newlines (0x0A) and tabs (0x09)","duration":0.387250999999992,"failureMessages":[],"meta":{},"tags":[]},{"ancestorTitles":["sanitize()"],"fullName":"sanitize() trims whitespace","status":"passed","title":"trims whitespace","duration":0.3034660000000713,"failureMessages":[],"meta":{},"tags":[]},{"ancestorTitles":["sanitize()"],"fullName":"sanitize() respects maxLength","status":"passed","title":"respects maxLength","duration":1.4437909999999192,"failureMessages":[],"meta":{},"tags":[]},{"ancestorTitles":["sanitize()"],"fullName":"sanitize() returns empty string for non-string input","status":"passed","title":"returns empty string for non-string input","duration":0.3586710000000721,"failureMessages":[],"meta":{},"tags":[]},{"ancestorTitles":["sanitize()"],"fullName":"sanitize() handles prompt injection attempt","status":"passed","title":"handles prompt injection attempt","duration":0.33548799999994117,"failureMessages":[],"meta":{},"tags":[]},{"ancestorTitles":["sanitize()"],"fullName":"sanitize() sanitizeShort caps at 500","status":"passed","title":"sanitizeShort caps at 500","duration":0.5755910000000313,"failureMessages":[],"meta":{},"tags":[]}],"startTime":1782880534933,"endTime":1782880534942.5757,"status":"passed","message":"","name":"/home/slim/contentai/tests/unit/sanitize.test.ts"}]}